2026-02-09 17:27:35,673 - INFO - ===== START BRONZE FEEDER =====
2026-02-09 17:27:43,073 - INFO - Reading customers.csv
2026-02-09 17:27:56,440 - ERROR - BRONZE FEEDER FAILED: An error occurred while calling o42.parquet.
: java.io.IOException: Incomplete HDFS URI, no host: hdfs:///data/raw/customers
	at org.apache.hadoop.hdfs.DistributedFileSystem.initialize(DistributedFileSystem.java:170)
	at org.apache.hadoop.fs.FileSystem.createFileSystem(FileSystem.java:3303)
	at org.apache.hadoop.fs.FileSystem.access$200(FileSystem.java:124)
	at org.apache.hadoop.fs.FileSystem$Cache.getInternal(FileSystem.java:3352)
	at org.apache.hadoop.fs.FileSystem$Cache.get(FileSystem.java:3320)
	at org.apache.hadoop.fs.FileSystem.get(FileSystem.java:479)
	at org.apache.hadoop.fs.Path.getFileSystem(Path.java:361)
	at org.apache.spark.sql.execution.datasources.DataSource.planForWritingFileFormat(DataSource.scala:452)
	at org.apache.spark.sql.execution.datasources.DataSource.planForWriting(DataSource.scala:552)
	at org.apache.spark.sql.DataFrameWriter.saveToV1Source(DataFrameWriter.scala:396)
	at org.apache.spark.sql.DataFrameWriter.save(DataFrameWriter.scala:380)
	at org.apache.spark.sql.DataFrameWriter.save(DataFrameWriter.scala:269)
	at org.apache.spark.sql.DataFrameWriter.parquet(DataFrameWriter.scala:829)
	at sun.reflect.NativeMethodAccessorImpl.invoke0(Native Method)
	at sun.reflect.NativeMethodAccessorImpl.invoke(NativeMethodAccessorImpl.java:62)
	at sun.reflect.DelegatingMethodAccessorImpl.invoke(DelegatingMethodAccessorImpl.java:43)
	at java.lang.reflect.Method.invoke(Method.java:498)
	at py4j.reflection.MethodInvoker.invoke(MethodInvoker.java:244)
	at py4j.reflection.ReflectionEngine.invoke(ReflectionEngine.java:357)
	at py4j.Gateway.invoke(Gateway.java:282)
	at py4j.commands.AbstractCommand.invokeMethod(AbstractCommand.java:132)
	at py4j.commands.CallCommand.execute(CallCommand.java:79)
	at py4j.GatewayConnection.run(GatewayConnection.java:238)
	at java.lang.Thread.run(Thread.java:748)

2026-02-09 17:27:56,775 - INFO - Spark session stopped
2026-02-09 17:27:56,776 - INFO - ===== END BRONZE FEEDER =====
2026-02-09 17:34:45,667 - INFO - ===== START BRONZE FEEDER =====
2026-02-09 17:34:51,793 - INFO - Reading customers.csv
2026-02-09 17:35:30,471 - INFO - Wrote BRONZE table customers to hdfs://namenode:9000/data/raw/customers
2026-02-09 17:35:30,493 - INFO - Reading orders.csv
2026-02-09 17:36:03,923 - INFO - Wrote BRONZE table orders to hdfs://namenode:9000/data/raw/orders
2026-02-09 17:36:03,924 - INFO - Reading order_items.csv
2026-02-09 17:37:08,988 - INFO - Wrote BRONZE table order_items to hdfs://namenode:9000/data/raw/order_items
2026-02-09 17:37:08,989 - INFO - Reading product_reviews.csv
2026-02-09 17:37:34,667 - INFO - Wrote BRONZE table product_reviews to hdfs://namenode:9000/data/raw/product_reviews
2026-02-09 17:37:34,695 - INFO - Reading products table from SQLite DB
2026-02-09 17:37:39,388 - INFO - Wrote BRONZE table products to hdfs://namenode:9000/data/raw/products
2026-02-09 17:37:39,397 - INFO - ===== BRONZE FEEDER SUCCESS =====
2026-02-09 17:37:40,135 - INFO - Spark session stopped
2026-02-09 17:37:40,149 - INFO - ===== END BRONZE FEEDER =====
2026-02-11 18:14:41,307 - INFO - ===== START BRONZE FEEDER =====
2026-02-11 18:14:46,941 - INFO - Reading customers.csv
2026-02-11 18:15:29,192 - INFO - Wrote BRONZE table customers to hdfs://namenode:9000/data/raw/customers
2026-02-11 18:15:29,200 - INFO - Reading orders.csv
2026-02-11 18:15:51,209 - INFO - Wrote BRONZE table orders to hdfs://namenode:9000/data/raw/orders
2026-02-11 18:15:51,210 - INFO - Reading order_items.csv
2026-02-11 18:16:39,707 - INFO - Wrote BRONZE table order_items to hdfs://namenode:9000/data/raw/order_items
2026-02-11 18:16:39,707 - INFO - Reading product_reviews.csv
2026-02-11 18:16:54,108 - INFO - Wrote BRONZE table product_reviews to hdfs://namenode:9000/data/raw/product_reviews
2026-02-11 18:16:54,109 - INFO - Reading products table from SQLite DB
2026-02-11 18:16:55,812 - INFO - Wrote BRONZE table products to hdfs://namenode:9000/data/raw/products
2026-02-11 18:16:55,812 - INFO - ===== BRONZE FEEDER SUCCESS =====
2026-02-11 18:16:56,264 - INFO - Spark session stopped
2026-02-11 18:16:56,264 - INFO - ===== END BRONZE FEEDER =====
